{
  "event": "send.message",
  "instance": "Herdney",
  "data": {
    "key": {
      "remoteJid": "554196870884@s.whatsapp.net",
      "fromMe": true,
      "id": "3EB069E7D603F7469ABD6A"
    },
    "pushName": "Você",
    "status": "PENDING",
    "message": {
      "conversation": "teste envio ativo"
    },
    "contextInfo": {
      "mentionedJid": [],
      "groupMentions": [],
      "ephemeralSettingTimestamp": {
        "low": 1765599350,
        "high": 0,
        "unsigned": false
      },
      "disappearingMode": {
        "initiator": 0
      }
    },
    "messageType": "conversation",
    "messageTimestamp": 1765772150,
    "instanceId": "8264c947-3072-460b-af2b-126d20634f75",
    "source": "web"
  },
  "destination": "https://04e9f151acc4.ngrok-free.app/webhook",
  "date_time": "2025-12-15T01:15:50.681Z",
  "sender": "554196386712@s.whatsapp.net",
  "server_url": "https://evo-cmh2.nextcomm.tech",
  "apikey": "9B539CBD-B6B1-460E-8DB8-59F2FB6F4F2E"
}
---
{
  "event": "messages.upsert",
  "instance": "Herdney",
  "data": {
    "key": {
      "remoteJid": "554196870884@s.whatsapp.net",
      "remoteJidAlt": "193518358266105@lid",
      "fromMe": false,
      "id": "3A967A02E68F6498A553",
      "participant": "",
      "addressingMode": "pn"
    },
    "pushName": "Cleu",
    "status": "DELIVERY_ACK",
    "message": {
      "conversation": "Oooi",
      "messageContextInfo": {
        "deviceListMetadata": {
          "senderKeyIndexes": [],
          "recipientKeyIndexes": [],
          "senderTimestamp": {
            "low": 1765762562,
            "high": 0,
            "unsigned": true
          },
          "recipientKeyHash": {
            "0": 18,
            "1": 60,
            "2": 115,
            "3": 92,
            "4": 255,
            "5": 142,
            "6": 115,
            "7": 237,
            "8": 101,
            "9": 54
          },
          "recipientTimestamp": {
            "low": 1765759960,
            "high": 0,
            "unsigned": true
          }
        },
        "deviceListMetadataVersion": 2,
        "messageSecret": {
          "0": 82,
          "1": 191,
          "2": 11,
          "3": 190,
          "4": 45,
          "5": 216,
          "6": 254,
          "7": 218,
          "8": 129,
          "9": 203,
          "10": 135,
          "11": 97,
          "12": 82,
          "13": 248,
          "14": 169,
          "15": 132,
          "16": 206,
          "17": 243,
          "18": 128,
          "19": 159,
          "20": 50,
          "21": 165,
          "22": 73,
          "23": 119,
          "24": 202,
          "25": 66,
          "26": 254,
          "27": 255,
          "28": 224,
          "29": 152,
          "30": 45,
          "31": 233
        }
      }
    },
    "messageType": "conversation",
    "messageTimestamp": 1765772171,
    "instanceId": "8264c947-3072-460b-af2b-126d20634f75",
    "source": "ios"
  },
  "destination": "https://04e9f151acc4.ngrok-free.app/webhook",
  "date_time": "2025-12-15T01:16:11.413Z",
  "sender": "554196386712@s.whatsapp.net",
  "server_url": "https://evo-cmh2.nextcomm.tech",
  "apikey": "9B539CBD-B6B1-460E-8DB8-59F2FB6F4F2E"
}
---
{
  "event": "send.message",
  "instance": "Herdney",
  "data": {
    "key": {
      "remoteJid": "554196870884@s.whatsapp.net",
      "fromMe": true,
      "id": "3EB018013FD449B17A4770"
    },
    "pushName": "Você",
    "status": "PENDING",
    "message": {
      "conversation": "Olá! Como posso ajudar você hoje?"
    },
    "contextInfo": {
      "mentionedJid": [],
      "groupMentions": [],
      "ephemeralSettingTimestamp": {
        "low": 1765599376,
        "high": 0,
        "unsigned": false
      },
      "disappearingMode": {
        "initiator": 0
      }
    },
    "messageType": "conversation",
    "messageTimestamp": 1765772176,
    "instanceId": "8264c947-3072-460b-af2b-126d20634f75",
    "source": "web"
  },
  "destination": "https://04e9f151acc4.ngrok-free.app/webhook",
  "date_time": "2025-12-15T01:16:17.192Z",
  "sender": "554196386712@s.whatsapp.net",
  "server_url": "https://evo-cmh2.nextcomm.tech",
  "apikey": "9B539CBD-B6B1-460E-8DB8-59F2FB6F4F2E"
}
---
{
  "event": "send.message",
  "instance": "Herdney",
  "data": {
    "key": {
      "remoteJid": "554196870884@s.whatsapp.net",
      "fromMe": true,
      "id": "3EB0D39504E77E0C9489AB"
    },
    "pushName": "Você",
    "status": "PENDING",
    "message": {
      "conversation": "teste envio ativo 01:17h"
    },
    "contextInfo": {
      "mentionedJid": [],
      "groupMentions": [],
      "ephemeralSettingTimestamp": {
        "low": 1765599476,
        "high": 0,
        "unsigned": false
      },
      "disappearingMode": {
        "initiator": 0
      }
    },
    "messageType": "conversation",
    "messageTimestamp": 1765772276,
    "instanceId": "8264c947-3072-460b-af2b-126d20634f75",
    "source": "web"
  },
  "destination": "https://04e9f151acc4.ngrok-free.app/webhook",
  "date_time": "2025-12-15T01:17:57.418Z",
  "sender": "554196386712@s.whatsapp.net",
  "server_url": "https://evo-cmh2.nextcomm.tech",
  "apikey": "9B539CBD-B6B1-460E-8DB8-59F2FB6F4F2E"
}
---
{
  "event": "send.message",
  "instance": "Herdney",
  "data": {
    "key": {
      "remoteJid": "554196870884@s.whatsapp.net",
      "fromMe": true,
      "id": "3EB0D6782B0506421C6945"
    },
    "pushName": "Você",
    "status": "PENDING",
    "message": {
      "conversation": "teste envio ativo 01:20h"
    },
    "contextInfo": {
      "mentionedJid": [],
      "groupMentions": [],
      "ephemeralSettingTimestamp": {
        "low": 1765599659,
        "high": 0,
        "unsigned": false
      },
      "disappearingMode": {
        "initiator": 0
      }
    },
    "messageType": "conversation",
    "messageTimestamp": 1765772459,
    "instanceId": "8264c947-3072-460b-af2b-126d20634f75",
    "source": "web"
  },
  "destination": "https://04e9f151acc4.ngrok-free.app/webhook",
  "date_time": "2025-12-15T01:21:00.010Z",
  "sender": "554196386712@s.whatsapp.net",
  "server_url": "https://evo-cmh2.nextcomm.tech",
  "apikey": "9B539CBD-B6B1-460E-8DB8-59F2FB6F4F2E"
}
---
{
  "event": "messages.upsert",
  "instance": "Herdney",
  "data": {
    "key": {
      "remoteJid": "554196870884@s.whatsapp.net",
      "remoteJidAlt": "193518358266105@lid",
      "fromMe": false,
      "id": "3A23F71EF2F5FBFC1825",
      "participant": "",
      "addressingMode": "pn"
    },
    "pushName": "Cleu",
    "status": "DELIVERY_ACK",
    "message": {
      "conversation": "Respondi 1:21",
      "messageContextInfo": {
        "deviceListMetadata": {
          "senderKeyIndexes": [],
          "recipientKeyIndexes": [],
          "senderTimestamp": {
            "low": 1765762562,
            "high": 0,
            "unsigned": true
          },
          "recipientKeyHash": {
            "0": 18,
            "1": 60,
            "2": 115,
            "3": 92,
            "4": 255,
            "5": 142,
            "6": 115,
            "7": 237,
            "8": 101,
            "9": 54
          },
          "recipientTimestamp": {
            "low": 1765759960,
            "high": 0,
            "unsigned": true
          }
        },
        "deviceListMetadataVersion": 2,
        "messageSecret": {
          "0": 241,
          "1": 68,
          "2": 22,
          "3": 47,
          "4": 59,
          "5": 37,
          "6": 229,
          "7": 68,
          "8": 203,
          "9": 172,
          "10": 78,
          "11": 174,
          "12": 113,
          "13": 55,
          "14": 45,
          "15": 111,
          "16": 95,
          "17": 171,
          "18": 157,
          "19": 68,
          "20": 138,
          "21": 222,
          "22": 203,
          "23": 199,
          "24": 145,
          "25": 131,
          "26": 95,
          "27": 31,
          "28": 234,
          "29": 195,
          "30": 81,
          "31": 51
        }
      }
    },
    "messageType": "conversation",
    "messageTimestamp": 1765772518,
    "instanceId": "8264c947-3072-460b-af2b-126d20634f75",
    "source": "ios"
  },
  "destination": "https://04e9f151acc4.ngrok-free.app/webhook",
  "date_time": "2025-12-15T01:21:59.074Z",
  "sender": "554196386712@s.whatsapp.net",
  "server_url": "https://evo-cmh2.nextcomm.tech",
  "apikey": "9B539CBD-B6B1-460E-8DB8-59F2FB6F4F2E"
}
---
{
  "event": "send.message",
  "instance": "Herdney",
  "data": {
    "key": {
      "remoteJid": "554196870884@s.whatsapp.net",
      "fromMe": true,
      "id": "3EB0D31E8FA5557BC71C53"
    },
    "pushName": "Você",
    "status": "PENDING",
    "message": {
      "conversation": "Olá! Como posso ajudar você hoje?"
    },
    "contextInfo": {
      "mentionedJid": [],
      "groupMentions": [],
      "ephemeralSettingTimestamp": {
        "low": 1765599724,
        "high": 0,
        "unsigned": false
      },
      "disappearingMode": {
        "initiator": 0
      }
    },
    "messageType": "conversation",
    "messageTimestamp": 1765772524,
    "instanceId": "8264c947-3072-460b-af2b-126d20634f75",
    "source": "web"
  },
  "destination": "https://04e9f151acc4.ngrok-free.app/webhook",
  "date_time": "2025-12-15T01:22:04.339Z",
  "sender": "554196386712@s.whatsapp.net",
  "server_url": "https://evo-cmh2.nextcomm.tech",
  "apikey": "9B539CBD-B6B1-460E-8DB8-59F2FB6F4F2E"
}
---
{
  "event": "messages.upsert",
  "instance": "Herdney",
  "data": {
    "key": {
      "remoteJid": "554196870884@s.whatsapp.net",
      "remoteJidAlt": "193518358266105@lid",
      "fromMe": false,
      "id": "3A02A1F8EECE5F8FE8EA",
      "participant": "",
      "addressingMode": "pn"
    },
    "pushName": "Cleu",
    "status": "DELIVERY_ACK",
    "message": {
      "conversation": "Quero um programa",
      "messageContextInfo": {
        "deviceListMetadata": {
          "senderKeyIndexes": [],
          "recipientKeyIndexes": [],
          "senderTimestamp": {
            "low": 1765762562,
            "high": 0,
            "unsigned": true
          },
          "recipientKeyHash": {
            "0": 18,
            "1": 60,
            "2": 115,
            "3": 92,
            "4": 255,
            "5": 142,
            "6": 115,
            "7": 237,
            "8": 101,
            "9": 54
          },
          "recipientTimestamp": {
            "low": 1765759960,
            "high": 0,
            "unsigned": true
          }
        },
        "deviceListMetadataVersion": 2,
        "messageSecret": {
          "0": 87,
          "1": 239,
          "2": 251,
          "3": 244,
          "4": 206,
          "5": 36,
          "6": 104,
          "7": 2,
          "8": 159,
          "9": 116,
          "10": 173,
          "11": 7,
          "12": 132,
          "13": 233,
          "14": 214,
          "15": 46,
          "16": 165,
          "17": 213,
          "18": 162,
          "19": 121,
          "20": 58,
          "21": 12,
          "22": 7,
          "23": 233,
          "24": 243,
          "25": 127,
          "26": 114,
          "27": 168,
          "28": 40,
          "29": 178,
          "30": 149,
          "31": 244
        }
      }
    },
    "messageType": "conversation",
    "messageTimestamp": 1765772584,
    "instanceId": "8264c947-3072-460b-af2b-126d20634f75",
    "source": "ios"
  },
  "destination": "https://04e9f151acc4.ngrok-free.app/webhook",
  "date_time": "2025-12-15T01:23:04.849Z",
  "sender": "554196386712@s.whatsapp.net",
  "server_url": "https://evo-cmh2.nextcomm.tech",
  "apikey": "9B539CBD-B6B1-460E-8DB8-59F2FB6F4F2E"
}
---
{
  "event": "send.message",
  "instance": "Herdney",
  "data": {
    "key": {
      "remoteJid": "554196870884@s.whatsapp.net",
      "fromMe": true,
      "id": "3EB075BCFFC65625187322"
    },
    "pushName": "Você",
    "status": "PENDING",
    "message": {
      "conversation": "Entendi. Para te ajudar com um programa, preciso de mais detalhes. Pode me dizer qual é o objetivo do programa e quais funcionalidades você precisa? Assim, poderei verificar com o Herdney como podemos proceder."
    },
    "contextInfo": {
      "mentionedJid": [],
      "groupMentions": [],
      "ephemeralSettingTimestamp": {
        "low": 1765599790,
        "high": 0,
        "unsigned": false
      },
      "disappearingMode": {
        "initiator": 0
      }
    },
    "messageType": "conversation",
    "messageTimestamp": 1765772590,
    "instanceId": "8264c947-3072-460b-af2b-126d20634f75",
    "source": "web"
  },
  "destination": "https://04e9f151acc4.ngrok-free.app/webhook",
  "date_time": "2025-12-15T01:23:11.126Z",
  "sender": "554196386712@s.whatsapp.net",
  "server_url": "https://evo-cmh2.nextcomm.tech",
  "apikey": "9B539CBD-B6B1-460E-8DB8-59F2FB6F4F2E"
}
---
{
  "event": "send.message",
  "instance": "Herdney",
  "data": {
    "key": {
      "remoteJid": "554196870884@s.whatsapp.net",
      "fromMe": true,
      "id": "3EB0C6F675B594A0859112"
    },
    "pushName": "Você",
    "status": "PENDING",
    "message": {
      "conversation": "teste envio ativo 1:25"
    },
    "contextInfo": {
      "mentionedJid": [],
      "groupMentions": [],
      "ephemeralSettingTimestamp": {
        "low": 1765599925,
        "high": 0,
        "unsigned": false
      },
      "disappearingMode": {
        "initiator": 0
      }
    },
    "messageType": "conversation",
    "messageTimestamp": 1765772725,
    "instanceId": "8264c947-3072-460b-af2b-126d20634f75",
    "source": "web"
  },
  "destination": "https://04e9f151acc4.ngrok-free.app/webhook",
  "date_time": "2025-12-15T01:25:25.455Z",
  "sender": "554196386712@s.whatsapp.net",
  "server_url": "https://evo-cmh2.nextcomm.tech",
  "apikey": "9B539CBD-B6B1-460E-8DB8-59F2FB6F4F2E"
}
---
{
  "event": "send.message",
  "instance": "Herdney",
  "data": {
    "key": {
      "remoteJid": "554196870884@s.whatsapp.net",
      "fromMe": true,
      "id": "3EB0B8264D8D932D711A45"
    },
    "pushName": "Você",
    "status": "PENDING",
    "message": {
      "conversation": "teste envio ativo 1:28"
    },
    "contextInfo": {
      "mentionedJid": [],
      "groupMentions": [],
      "ephemeralSettingTimestamp": {
        "low": 1765600117,
        "high": 0,
        "unsigned": false
      },
      "disappearingMode": {
        "initiator": 0
      }
    },
    "messageType": "conversation",
    "messageTimestamp": 1765772917,
    "instanceId": "8264c947-3072-460b-af2b-126d20634f75",
    "source": "web"
  },
  "destination": "https://04e9f151acc4.ngrok-free.app/webhook",
  "date_time": "2025-12-15T01:28:37.909Z",
  "sender": "554196386712@s.whatsapp.net",
  "server_url": "https://evo-cmh2.nextcomm.tech",
  "apikey": "9B539CBD-B6B1-460E-8DB8-59F2FB6F4F2E"
}
---
{
  "event": "send.message",
  "instance": "Herdney",
  "data": {
    "key": {
      "remoteJid": "554196870884@s.whatsapp.net",
      "fromMe": true,
      "id": "3EB09AB8CF6F52273B71EE"
    },
    "pushName": "Você",
    "status": "PENDING",
    "message": {
      "conversation": "teste evnio ativo 1:31"
    },
    "contextInfo": {
      "mentionedJid": [],
      "groupMentions": [],
      "ephemeralSettingTimestamp": {
        "low": 1765600290,
        "high": 0,
        "unsigned": false
      },
      "disappearingMode": {
        "initiator": 0
      }
    },
    "messageType": "conversation",
    "messageTimestamp": 1765773090,
    "instanceId": "8264c947-3072-460b-af2b-126d20634f75",
    "source": "web"
  },
  "destination": "https://04e9f151acc4.ngrok-free.app/webhook",
  "date_time": "2025-12-15T01:31:30.360Z",
  "sender": "554196386712@s.whatsapp.net",
  "server_url": "https://evo-cmh2.nextcomm.tech",
  "apikey": "9B539CBD-B6B1-460E-8DB8-59F2FB6F4F2E"
}
---
{
  "event": "messages.upsert",
  "instance": "Herdney",
  "data": {
    "key": {
      "remoteJid": "120363423076799606@g.us",
      "fromMe": false,
      "id": "3A5C93CFA64020257462",
      "participant": "82197168054469@lid",
      "addressingMode": "lid"
    },
    "pushName": "Daniel Furtado",
    "status": "DELIVERY_ACK",
    "message": {
      "senderKeyDistributionMessage": {
        "groupId": "120363423076799606@g.us",
        "axolotlSenderKeyDistributionMessage": {
          "0": 51,
          "1": 8,
          "2": 157,
          "3": 171,
          "4": 174,
          "5": 245,
          "6": 1,
          "7": 16,
          "8": 0,
          "9": 26,
          "10": 32,
          "11": 216,
          "12": 51,
          "13": 140,
          "14": 171,
          "15": 55,
          "16": 34,
          "17": 211,
          "18": 121,
          "19": 235,
          "20": 249,
          "21": 31,
          "22": 101,
          "23": 244,
          "24": 18,
          "25": 4,
          "26": 79,
          "27": 193,
          "28": 237,
          "29": 215,
          "30": 141,
          "31": 252,
          "32": 212,
          "33": 41,
          "34": 159,
          "35": 58,
          "36": 116,
          "37": 3,
          "38": 130,
          "39": 61,
          "40": 216,
          "41": 48,
          "42": 17,
          "43": 34,
          "44": 33,
          "45": 5,
          "46": 220,
          "47": 66,
          "48": 143,
          "49": 60,
          "50": 204,
          "51": 31,
          "52": 35,
          "53": 5,
          "54": 16,
          "55": 124,
          "56": 92,
          "57": 184,
          "58": 112,
          "59": 244,
          "60": 175,
          "61": 240,
          "62": 116,
          "63": 177,
          "64": 53,
          "65": 52,
          "66": 248,
          "67": 42,
          "68": 69,
          "69": 220,
          "70": 56,
          "71": 196,
          "72": 40,
          "73": 31,
          "74": 79,
          "75": 103,
          "76": 26,
          "77": 23
        }
      },
      "messageContextInfo": {
        "deviceListMetadata": {
          "senderKeyIndexes": [],
          "recipientKeyIndexes": [],
          "senderKeyHash": {
            "0": 255,
            "1": 106,
            "2": 8,
            "3": 8,
            "4": 143,
            "5": 244,
            "6": 143,
            "7": 244,
            "8": 115,
            "9": 132
          },
          "senderTimestamp": {
            "low": 1765675628,
            "high": 0,
            "unsigned": true
          },
          "recipientKeyHash": {
            "0": 18,
            "1": 60,
            "2": 115,
            "3": 92,
            "4": 255,
            "5": 142,
            "6": 115,
            "7": 237,
            "8": 101,
            "9": 54
          },
          "recipientTimestamp": {
            "low": 1765764865,
            "high": 0,
            "unsigned": true
          }
        },
        "deviceListMetadataVersion": 2
      },
      "encReactionMessage": {
        "targetMessageKey": {
          "remoteJid": "120363423076799606@g.us",
          "fromMe": false,
          "id": "3A87D5DB6D1FA5BF59FD",
          "participant": "47953410531449@lid"
        },
        "encPayload": {
          "0": 152,
          "1": 130,
          "2": 177,
          "3": 81,
          "4": 1,
          "5": 49,
          "6": 192,
          "7": 243,
          "8": 170,
          "9": 112,
          "10": 155,
          "11": 29,
          "12": 188,
          "13": 110,
          "14": 159,
          "15": 110,
          "16": 94,
          "17": 125,
          "18": 189,
          "19": 16,
          "20": 131,
          "21": 30,
          "22": 39,
          "23": 65,
          "24": 228,
          "25": 80,
          "26": 43,
          "27": 220,
          "28": 137,
          "29": 32,
          "30": 214
        },
        "encIv": {
          "0": 149,
          "1": 57,
          "2": 207,
          "3": 56,
          "4": 15,
          "5": 240,
          "6": 119,
          "7": 138,
          "8": 28,
          "9": 27,
          "10": 51,
          "11": 128
        }
      }
    },
    "messageType": "encReactionMessage",
    "messageTimestamp": 1765773266,
    "instanceId": "8264c947-3072-460b-af2b-126d20634f75",
    "source": "ios"
  },
  "destination": "https://04e9f151acc4.ngrok-free.app/webhook",
  "date_time": "2025-12-15T01:34:27.478Z",
  "sender": "554196386712@s.whatsapp.net",
  "server_url": "https://evo-cmh2.nextcomm.tech",
  "apikey": "9B539CBD-B6B1-460E-8DB8-59F2FB6F4F2E"
}
---
{
  "event": "send.message",
  "instance": "Herdney",
  "data": {
    "key": {
      "remoteJid": "554196870884@s.whatsapp.net",
      "fromMe": true,
      "id": "3EB0243936BA430B27912A"
    },
    "pushName": "Você",
    "status": "PENDING",
    "message": {
      "conversation": "teste envio ativo 1:36"
    },
    "contextInfo": {
      "mentionedJid": [],
      "groupMentions": [],
      "ephemeralSettingTimestamp": {
        "low": 1765600595,
        "high": 0,
        "unsigned": false
      },
      "disappearingMode": {
        "initiator": 0
      }
    },
    "messageType": "conversation",
    "messageTimestamp": 1765773395,
    "instanceId": "8264c947-3072-460b-af2b-126d20634f75",
    "source": "web"
  },
  "destination": "https://04e9f151acc4.ngrok-free.app/webhook",
  "date_time": "2025-12-15T01:36:35.593Z",
  "sender": "554196386712@s.whatsapp.net",
  "server_url": "https://evo-cmh2.nextcomm.tech",
  "apikey": "9B539CBD-B6B1-460E-8DB8-59F2FB6F4F2E"
}
---
{
  "event": "send.message",
  "instance": "Herdney",
  "data": {
    "key": {
      "remoteJid": "554196870884@s.whatsapp.net",
      "fromMe": true,
      "id": "3EB03A769414C51F420104"
    },
    "pushName": "Você",
    "status": "PENDING",
    "message": {
      "conversation": "oi"
    },
    "contextInfo": {
      "mentionedJid": [],
      "groupMentions": [],
      "ephemeralSettingTimestamp": {
        "low": 1765600642,
        "high": 0,
        "unsigned": false
      },
      "disappearingMode": {
        "initiator": 0
      }
    },
    "messageType": "conversation",
    "messageTimestamp": 1765773442,
    "instanceId": "8264c947-3072-460b-af2b-126d20634f75",
    "source": "web"
  },
  "destination": "https://04e9f151acc4.ngrok-free.app/webhook",
  "date_time": "2025-12-15T01:37:22.368Z",
  "sender": "554196386712@s.whatsapp.net",
  "server_url": "https://evo-cmh2.nextcomm.tech",
  "apikey": "9B539CBD-B6B1-460E-8DB8-59F2FB6F4F2E"
}
---
{
  "event": "messages.upsert",
  "instance": "Herdney",
  "data": {
    "key": {
      "remoteJid": "554196870884@s.whatsapp.net",
      "remoteJidAlt": "193518358266105@lid",
      "fromMe": false,
      "id": "3AEAEE3099168C3A7014",
      "participant": "",
      "addressingMode": "pn"
    },
    "pushName": "Cleu",
    "status": "DELIVERY_ACK",
    "message": {
      "conversation": "Oi",
      "messageContextInfo": {
        "deviceListMetadata": {
          "senderKeyIndexes": [],
          "recipientKeyIndexes": [],
          "senderTimestamp": {
            "low": 1765762562,
            "high": 0,
            "unsigned": true
          },
          "recipientKeyHash": {
            "0": 18,
            "1": 60,
            "2": 115,
            "3": 92,
            "4": 255,
            "5": 142,
            "6": 115,
            "7": 237,
            "8": 101,
            "9": 54
          },
          "recipientTimestamp": {
            "low": 1765759960,
            "high": 0,
            "unsigned": true
          }
        },
        "deviceListMetadataVersion": 2,
        "messageSecret": {
          "0": 220,
          "1": 29,
          "2": 241,
          "3": 29,
          "4": 120,
          "5": 132,
          "6": 120,
          "7": 208,
          "8": 201,
          "9": 14,
          "10": 153,
          "11": 101,
          "12": 62,
          "13": 183,
          "14": 152,
          "15": 129,
          "16": 234,
          "17": 57,
          "18": 157,
          "19": 243,
          "20": 75,
          "21": 130,
          "22": 196,
          "23": 47,
          "24": 222,
          "25": 242,
          "26": 170,
          "27": 190,
          "28": 119,
          "29": 8,
          "30": 53,
          "31": 184
        }
      }
    },
    "messageType": "conversation",
    "messageTimestamp": 1765773454,
    "instanceId": "8264c947-3072-460b-af2b-126d20634f75",
    "source": "ios"
  },
  "destination": "https://04e9f151acc4.ngrok-free.app/webhook",
  "date_time": "2025-12-15T01:37:35.076Z",
  "sender": "554196386712@s.whatsapp.net",
  "server_url": "https://evo-cmh2.nextcomm.tech",
  "apikey": "9B539CBD-B6B1-460E-8DB8-59F2FB6F4F2E"
}
---
{
  "event": "send.message",
  "instance": "Herdney",
  "data": {
    "key": {
      "remoteJid": "554196870884@s.whatsapp.net",
      "fromMe": true,
      "id": "3EB07B12A8F90BB33BD3F2"
    },
    "pushName": "Você",
    "status": "PENDING",
    "message": {
      "conversation": "Olá! Como posso te ajudar hoje?"
    },
    "contextInfo": {
      "mentionedJid": [],
      "groupMentions": [],
      "ephemeralSettingTimestamp": {
        "low": 1765600662,
        "high": 0,
        "unsigned": false
      },
      "disappearingMode": {
        "initiator": 0
      }
    },
    "messageType": "conversation",
    "messageTimestamp": 1765773462,
    "instanceId": "8264c947-3072-460b-af2b-126d20634f75",
    "source": "web"
  },
  "destination": "https://04e9f151acc4.ngrok-free.app/webhook",
  "date_time": "2025-12-15T01:37:42.326Z",
  "sender": "554196386712@s.whatsapp.net",
  "server_url": "https://evo-cmh2.nextcomm.tech",
  "apikey": "9B539CBD-B6B1-460E-8DB8-59F2FB6F4F2E"
}
---
{
  "event": "send.message",
  "instance": "Herdney",
  "data": {
    "key": {
      "remoteJid": "554196870884@s.whatsapp.net",
      "fromMe": true,
      "id": "3EB05EB114B4F582E0D571"
    },
    "pushName": "Você",
    "status": "PENDING",
    "message": {
      "conversation": "teste envio nono digito"
    },
    "contextInfo": {
      "mentionedJid": [],
      "groupMentions": [],
      "ephemeralSettingTimestamp": {
        "low": 1765600767,
        "high": 0,
        "unsigned": false
      },
      "disappearingMode": {
        "initiator": 0
      }
    },
    "messageType": "conversation",
    "messageTimestamp": 1765773567,
    "instanceId": "8264c947-3072-460b-af2b-126d20634f75",
    "source": "web"
  },
  "destination": "https://04e9f151acc4.ngrok-free.app/webhook",
  "date_time": "2025-12-15T01:39:27.355Z",
  "sender": "554196386712@s.whatsapp.net",
  "server_url": "https://evo-cmh2.nextcomm.tech",
  "apikey": "9B539CBD-B6B1-460E-8DB8-59F2FB6F4F2E"
}
---
{
  "event": "messages.upsert",
  "instance": "Herdney",
  "data": {
    "key": {
      "remoteJid": "554196870884@s.whatsapp.net",
      "remoteJidAlt": "193518358266105@lid",
      "fromMe": false,
      "id": "3AA916EB6376330F52EE",
      "participant": "",
      "addressingMode": "pn"
    },
    "pushName": "Cleu",
    "status": "DELIVERY_ACK",
    "message": {
      "conversation": "Oooi",
      "messageContextInfo": {
        "deviceListMetadata": {
          "senderKeyIndexes": [],
          "recipientKeyIndexes": [],
          "senderTimestamp": {
            "low": 1765762562,
            "high": 0,
            "unsigned": true
          },
          "recipientKeyHash": {
            "0": 18,
            "1": 60,
            "2": 115,
            "3": 92,
            "4": 255,
            "5": 142,
            "6": 115,
            "7": 237,
            "8": 101,
            "9": 54
          },
          "recipientTimestamp": {
            "low": 1765759960,
            "high": 0,
            "unsigned": true
          }
        },
        "deviceListMetadataVersion": 2,
        "messageSecret": {
          "0": 204,
          "1": 143,
          "2": 144,
          "3": 60,
          "4": 130,
          "5": 191,
          "6": 104,
          "7": 209,
          "8": 50,
          "9": 148,
          "10": 12,
          "11": 125,
          "12": 59,
          "13": 113,
          "14": 13,
          "15": 137,
          "16": 161,
          "17": 173,
          "18": 190,
          "19": 175,
          "20": 15,
          "21": 5,
          "22": 132,
          "23": 250,
          "24": 91,
          "25": 2,
          "26": 186,
          "27": 120,
          "28": 85,
          "29": 44,
          "30": 94,
          "31": 53
        }
      }
    },
    "messageType": "conversation",
    "messageTimestamp": 1765773578,
    "instanceId": "8264c947-3072-460b-af2b-126d20634f75",
    "source": "ios"
  },
  "destination": "https://04e9f151acc4.ngrok-free.app/webhook",
  "date_time": "2025-12-15T01:39:38.313Z",
  "sender": "554196386712@s.whatsapp.net",
  "server_url": "https://evo-cmh2.nextcomm.tech",
  "apikey": "9B539CBD-B6B1-460E-8DB8-59F2FB6F4F2E"
}
---
{
  "event": "send.message",
  "instance": "Herdney",
  "data": {
    "key": {
      "remoteJid": "554196870884@s.whatsapp.net",
      "fromMe": true,
      "id": "3EB03AEF4A623AC91C634A"
    },
    "pushName": "Você",
    "status": "PENDING",
    "message": {
      "conversation": "Olá! Como posso ajudar você hoje?"
    },
    "contextInfo": {
      "mentionedJid": [],
      "groupMentions": [],
      "ephemeralSettingTimestamp": {
        "low": 1765600785,
        "high": 0,
        "unsigned": false
      },
      "disappearingMode": {
        "initiator": 0
      }
    },
    "messageType": "conversation",
    "messageTimestamp": 1765773585,
    "instanceId": "8264c947-3072-460b-af2b-126d20634f75",
    "source": "web"
  },
  "destination": "https://04e9f151acc4.ngrok-free.app/webhook",
  "date_time": "2025-12-15T01:39:45.798Z",
  "sender": "554196386712@s.whatsapp.net",
  "server_url": "https://evo-cmh2.nextcomm.tech",
  "apikey": "9B539CBD-B6B1-460E-8DB8-59F2FB6F4F2E"
}
---
{
  "event": "send.message",
  "instance": "Herdney",
  "data": {
    "key": {
      "remoteJid": "554196870884@s.whatsapp.net",
      "fromMe": true,
      "id": "3EB091C0BA3364E0E6AA71"
    },
    "pushName": "Você",
    "status": "PENDING",
    "message": {
      "conversation": "teste nono digito"
    },
    "contextInfo": {
      "mentionedJid": [],
      "groupMentions": [],
      "ephemeralSettingTimestamp": {
        "low": 1765600936,
        "high": 0,
        "unsigned": false
      },
      "disappearingMode": {
        "initiator": 0
      }
    },
    "messageType": "conversation",
    "messageTimestamp": 1765773736,
    "instanceId": "8264c947-3072-460b-af2b-126d20634f75",
    "source": "web"
  },
  "destination": "https://04e9f151acc4.ngrok-free.app/webhook",
  "date_time": "2025-12-15T01:42:17.248Z",
  "sender": "554196386712@s.whatsapp.net",
  "server_url": "https://evo-cmh2.nextcomm.tech",
  "apikey": "9B539CBD-B6B1-460E-8DB8-59F2FB6F4F2E"
}
---
{
  "event": "messages.upsert",
  "instance": "Herdney",
  "data": {
    "key": {
      "remoteJid": "554196870884@s.whatsapp.net",
      "remoteJidAlt": "193518358266105@lid",
      "fromMe": false,
      "id": "3A9D6192CF1690778C91",
      "participant": "",
      "addressingMode": "pn"
    },
    "pushName": "Cleu",
    "status": "DELIVERY_ACK",
    "message": {
      "conversation": "Opa, agora funcionou",
      "messageContextInfo": {
        "deviceListMetadata": {
          "senderKeyIndexes": [],
          "recipientKeyIndexes": [],
          "senderTimestamp": {
            "low": 1765762562,
            "high": 0,
            "unsigned": true
          },
          "recipientKeyHash": {
            "0": 18,
            "1": 60,
            "2": 115,
            "3": 92,
            "4": 255,
            "5": 142,
            "6": 115,
            "7": 237,
            "8": 101,
            "9": 54
          },
          "recipientTimestamp": {
            "low": 1765759960,
            "high": 0,
            "unsigned": true
          }
        },
        "deviceListMetadataVersion": 2,
        "messageSecret": {
          "0": 68,
          "1": 90,
          "2": 56,
          "3": 228,
          "4": 72,
          "5": 5,
          "6": 82,
          "7": 131,
          "8": 238,
          "9": 229,
          "10": 17,
          "11": 107,
          "12": 123,
          "13": 8,
          "14": 110,
          "15": 31,
          "16": 239,
          "17": 65,
          "18": 240,
          "19": 133,
          "20": 79,
          "21": 185,
          "22": 52,
          "23": 235,
          "24": 251,
          "25": 105,
          "26": 144,
          "27": 218,
          "28": 125,
          "29": 70,
          "30": 38,
          "31": 206
        }
      }
    },
    "messageType": "conversation",
    "messageTimestamp": 1765773756,
    "instanceId": "8264c947-3072-460b-af2b-126d20634f75",
    "source": "ios"
  },
  "destination": "https://04e9f151acc4.ngrok-free.app/webhook",
  "date_time": "2025-12-15T01:42:36.457Z",
  "sender": "554196386712@s.whatsapp.net",
  "server_url": "https://evo-cmh2.nextcomm.tech",
  "apikey": "9B539CBD-B6B1-460E-8DB8-59F2FB6F4F2E"
}
---
{
  "event": "send.message",
  "instance": "Herdney",
  "data": {
    "key": {
      "remoteJid": "554196870884@s.whatsapp.net",
      "fromMe": true,
      "id": "3EB0158DA2E7E3C0B55616"
    },
    "pushName": "Você",
    "status": "PENDING",
    "message": {
      "conversation": "Que bom que agora funcionou! Se precisar de mais alguma coisa, estou à disposição."
    },
    "contextInfo": {
      "mentionedJid": [],
      "groupMentions": [],
      "ephemeralSettingTimestamp": {
        "low": 1765600962,
        "high": 0,
        "unsigned": false
      },
      "disappearingMode": {
        "initiator": 0
      }
    },
    "messageType": "conversation",
    "messageTimestamp": 1765773762,
    "instanceId": "8264c947-3072-460b-af2b-126d20634f75",
    "source": "web"
  },
  "destination": "https://04e9f151acc4.ngrok-free.app/webhook",
  "date_time": "2025-12-15T01:42:43.173Z",
  "sender": "554196386712@s.whatsapp.net",
  "server_url": "https://evo-cmh2.nextcomm.tech",
  "apikey": "9B539CBD-B6B1-460E-8DB8-59F2FB6F4F2E"
}
---
{
  "event": "messages.upsert",
  "instance": "Herdney",
  "data": {
    "key": {
      "remoteJid": "554196870884@s.whatsapp.net",
      "remoteJidAlt": "193518358266105@lid",
      "fromMe": false,
      "id": "3ADEF3880BC9A1F3EEB5",
      "participant": "",
      "addressingMode": "pn"
    },
    "pushName": "Cleu",
    "status": "DELIVERY_ACK",
    "message": {
      "conversation": "Quem é vc?",
      "messageContextInfo": {
        "deviceListMetadata": {
          "senderKeyIndexes": [],
          "recipientKeyIndexes": [],
          "senderTimestamp": {
            "low": 1765762562,
            "high": 0,
            "unsigned": true
          },
          "recipientKeyHash": {
            "0": 18,
            "1": 60,
            "2": 115,
            "3": 92,
            "4": 255,
            "5": 142,
            "6": 115,
            "7": 237,
            "8": 101,
            "9": 54
          },
          "recipientTimestamp": {
            "low": 1765759960,
            "high": 0,
            "unsigned": true
          }
        },
        "deviceListMetadataVersion": 2,
        "messageSecret": {
          "0": 159,
          "1": 225,
          "2": 240,
          "3": 147,
          "4": 216,
          "5": 70,
          "6": 200,
          "7": 131,
          "8": 198,
          "9": 137,
          "10": 62,
          "11": 113,
          "12": 128,
          "13": 40,
          "14": 46,
          "15": 36,
          "16": 146,
          "17": 28,
          "18": 251,
          "19": 99,
          "20": 108,
          "21": 163,
          "22": 45,
          "23": 11,
          "24": 139,
          "25": 130,
          "26": 97,
          "27": 122,
          "28": 226,
          "29": 154,
          "30": 221,
          "31": 36
        }
      }
    },
    "messageType": "conversation",
    "messageTimestamp": 1765773774,
    "instanceId": "8264c947-3072-460b-af2b-126d20634f75",
    "source": "ios"
  },
  "destination": "https://04e9f151acc4.ngrok-free.app/webhook",
  "date_time": "2025-12-15T01:42:54.615Z",
  "sender": "554196386712@s.whatsapp.net",
  "server_url": "https://evo-cmh2.nextcomm.tech",
  "apikey": "9B539CBD-B6B1-460E-8DB8-59F2FB6F4F2E"
}
---
{
  "event": "send.message",
  "instance": "Herdney",
  "data": {
    "key": {
      "remoteJid": "554196870884@s.whatsapp.net",
      "fromMe": true,
      "id": "3EB09F76D8910C5EC53E23"
    },
    "pushName": "Você",
    "status": "PENDING",
    "message": {
      "conversation": "Olá! Eu sou o assistente pessoal do Herdney Souza dos Santos. Como posso ajudar você hoje?"
    },
    "contextInfo": {
      "mentionedJid": [],
      "groupMentions": [],
      "ephemeralSettingTimestamp": {
        "low": 1765600980,
        "high": 0,
        "unsigned": false
      },
      "disappearingMode": {
        "initiator": 0
      }
    },
    "messageType": "conversation",
    "messageTimestamp": 1765773780,
    "instanceId": "8264c947-3072-460b-af2b-126d20634f75",
    "source": "web"
  },
  "destination": "https://04e9f151acc4.ngrok-free.app/webhook",
  "date_time": "2025-12-15T01:43:00.525Z",
  "sender": "554196386712@s.whatsapp.net",
  "server_url": "https://evo-cmh2.nextcomm.tech",
  "apikey": "9B539CBD-B6B1-460E-8DB8-59F2FB6F4F2E"
}
---
{
  "event": "send.message",
  "instance": "Herdney",
  "data": {
    "key": {
      "remoteJid": "554196870884@s.whatsapp.net",
      "fromMe": true,
      "id": "3EB0C30885443DA40394F4"
    },
    "pushName": "Você",
    "status": "PENDING",
    "message": {
      "conversation": "teste sem o nono digito"
    },
    "contextInfo": {
      "mentionedJid": [],
      "groupMentions": [],
      "ephemeralSettingTimestamp": {
        "low": 1765601116,
        "high": 0,
        "unsigned": false
      },
      "disappearingMode": {
        "initiator": 0
      }
    },
    "messageType": "conversation",
    "messageTimestamp": 1765773916,
    "instanceId": "8264c947-3072-460b-af2b-126d20634f75",
    "source": "web"
  },
  "destination": "https://04e9f151acc4.ngrok-free.app/webhook",
  "date_time": "2025-12-15T01:45:16.770Z",
  "sender": "554196386712@s.whatsapp.net",
  "server_url": "https://evo-cmh2.nextcomm.tech",
  "apikey": "9B539CBD-B6B1-460E-8DB8-59F2FB6F4F2E"
}
---
{
  "event": "messages.upsert",
  "instance": "Herdney",
  "data": {
    "key": {
      "remoteJid": "554196870884@s.whatsapp.net",
      "remoteJidAlt": "193518358266105@lid",
      "fromMe": false,
      "id": "3AB51B934673BDE774A0",
      "participant": "",
      "addressingMode": "pn"
    },
    "pushName": "Cleu",
    "status": "DELIVERY_ACK",
    "message": {
      "conversation": "Ok",
      "messageContextInfo": {
        "deviceListMetadata": {
          "senderKeyIndexes": [],
          "recipientKeyIndexes": [],
          "senderTimestamp": {
            "low": 1765762562,
            "high": 0,
            "unsigned": true
          },
          "recipientKeyHash": {
            "0": 18,
            "1": 60,
            "2": 115,
            "3": 92,
            "4": 255,
            "5": 142,
            "6": 115,
            "7": 237,
            "8": 101,
            "9": 54
          },
          "recipientTimestamp": {
            "low": 1765759960,
            "high": 0,
            "unsigned": true
          }
        },
        "deviceListMetadataVersion": 2,
        "messageSecret": {
          "0": 20,
          "1": 228,
          "2": 207,
          "3": 170,
          "4": 64,
          "5": 117,
          "6": 97,
          "7": 109,
          "8": 32,
          "9": 22,
          "10": 2,
          "11": 66,
          "12": 170,
          "13": 13,
          "14": 137,
          "15": 186,
          "16": 61,
          "17": 222,
          "18": 190,
          "19": 96,
          "20": 57,
          "21": 228,
          "22": 112,
          "23": 65,
          "24": 6,
          "25": 171,
          "26": 151,
          "27": 150,
          "28": 86,
          "29": 242,
          "30": 12,
          "31": 221
        }
      }
    },
    "messageType": "conversation",
    "messageTimestamp": 1765773923,
    "instanceId": "8264c947-3072-460b-af2b-126d20634f75",
    "source": "ios"
  },
  "destination": "https://04e9f151acc4.ngrok-free.app/webhook",
  "date_time": "2025-12-15T01:45:24.100Z",
  "sender": "554196386712@s.whatsapp.net",
  "server_url": "https://evo-cmh2.nextcomm.tech",
  "apikey": "9B539CBD-B6B1-460E-8DB8-59F2FB6F4F2E"
}
---
{
  "event": "send.message",
  "instance": "Herdney",
  "data": {
    "key": {
      "remoteJid": "554196870884@s.whatsapp.net",
      "fromMe": true,
      "id": "3EB0808615099EFEEC7479"
    },
    "pushName": "Você",
    "status": "PENDING",
    "message": {
      "conversation": "Se precisar de mais alguma informação, estou à disposição."
    },
    "contextInfo": {
      "mentionedJid": [],
      "groupMentions": [],
      "ephemeralSettingTimestamp": {
        "low": 1765601129,
        "high": 0,
        "unsigned": false
      },
      "disappearingMode": {
        "initiator": 0
      }
    },
    "messageType": "conversation",
    "messageTimestamp": 1765773929,
    "instanceId": "8264c947-3072-460b-af2b-126d20634f75",
    "source": "web"
  },
  "destination": "https://04e9f151acc4.ngrok-free.app/webhook",
  "date_time": "2025-12-15T01:45:30.175Z",
  "sender": "554196386712@s.whatsapp.net",
  "server_url": "https://evo-cmh2.nextcomm.tech",
  "apikey": "9B539CBD-B6B1-460E-8DB8-59F2FB6F4F2E"
}
---
{
  "event": "messages.upsert",
  "instance": "Herdney",
  "data": {
    "key": {
      "remoteJid": "554196870884@s.whatsapp.net",
      "remoteJidAlt": "193518358266105@lid",
      "fromMe": false,
      "id": "3A20A235F6DCB73DB09F",
      "participant": "",
      "addressingMode": "pn"
    },
    "pushName": "Cleu",
    "status": "DELIVERY_ACK",
    "message": {
      "conversation": "Programa",
      "messageContextInfo": {
        "deviceListMetadata": {
          "senderKeyIndexes": [],
          "recipientKeyIndexes": [],
          "senderTimestamp": {
            "low": 1765762562,
            "high": 0,
            "unsigned": true
          },
          "recipientKeyHash": {
            "0": 18,
            "1": 60,
            "2": 115,
            "3": 92,
            "4": 255,
            "5": 142,
            "6": 115,
            "7": 237,
            "8": 101,
            "9": 54
          },
          "recipientTimestamp": {
            "low": 1765759960,
            "high": 0,
            "unsigned": true
          }
        },
        "deviceListMetadataVersion": 2,
        "messageSecret": {
          "0": 0,
          "1": 114,
          "2": 50,
          "3": 202,
          "4": 13,
          "5": 28,
          "6": 44,
          "7": 186,
          "8": 223,
          "9": 132,
          "10": 148,
          "11": 246,
          "12": 73,
          "13": 139,
          "14": 143,
          "15": 148,
          "16": 181,
          "17": 139,
          "18": 48,
          "19": 216,
          "20": 2,
          "21": 146,
          "22": 201,
          "23": 220,
          "24": 218,
          "25": 179,
          "26": 156,
          "27": 67,
          "28": 73,
          "29": 180,
          "30": 107,
          "31": 59
        }
      }
    },
    "messageType": "conversation",
    "messageTimestamp": 1765773940,
    "instanceId": "8264c947-3072-460b-af2b-126d20634f75",
    "source": "ios"
  },
  "destination": "https://04e9f151acc4.ngrok-free.app/webhook",
  "date_time": "2025-12-15T01:45:40.254Z",
  "sender": "554196386712@s.whatsapp.net",
  "server_url": "https://evo-cmh2.nextcomm.tech",
  "apikey": "9B539CBD-B6B1-460E-8DB8-59F2FB6F4F2E"
}
---
{
  "event": "send.message",
  "instance": "Herdney",
  "data": {
    "key": {
      "remoteJid": "554196870884@s.whatsapp.net",
      "fromMe": true,
      "id": "3EB0CB7E02D67903E984D8"
    },
    "pushName": "Você",
    "status": "PENDING",
    "message": {
      "conversation": "Como posso te ajudar com o programa? Sobre qual assunto específico você gostaria de saber mais?"
    },
    "contextInfo": {
      "mentionedJid": [],
      "groupMentions": [],
      "ephemeralSettingTimestamp": {
        "low": 1765601145,
        "high": 0,
        "unsigned": false
      },
      "disappearingMode": {
        "initiator": 0
      }
    },
    "messageType": "conversation",
    "messageTimestamp": 1765773945,
    "instanceId": "8264c947-3072-460b-af2b-126d20634f75",
    "source": "web"
  },
  "destination": "https://04e9f151acc4.ngrok-free.app/webhook",
  "date_time": "2025-12-15T01:45:46.052Z",
  "sender": "554196386712@s.whatsapp.net",
  "server_url": "https://evo-cmh2.nextcomm.tech",
  "apikey": "9B539CBD-B6B1-460E-8DB8-59F2FB6F4F2E"
}
---
{
  "event": "messages.upsert",
  "instance": "Herdney",
  "data": {
    "key": {
      "remoteJid": "554196870884@s.whatsapp.net",
      "remoteJidAlt": "193518358266105@lid",
      "fromMe": false,
      "id": "3A54429FD44E2D3FB8E2",
      "participant": "",
      "addressingMode": "pn"
    },
    "pushName": "Cleu",
    "status": "DELIVERY_ACK",
    "message": {
      "conversation": "Boa noite",
      "messageContextInfo": {
        "deviceListMetadata": {
          "senderKeyIndexes": [],
          "recipientKeyIndexes": [],
          "senderTimestamp": {
            "low": 1765762562,
            "high": 0,
            "unsigned": true
          },
          "recipientKeyHash": {
            "0": 18,
            "1": 60,
            "2": 115,
            "3": 92,
            "4": 255,
            "5": 142,
            "6": 115,
            "7": 237,
            "8": 101,
            "9": 54
          },
          "recipientTimestamp": {
            "low": 1765759960,
            "high": 0,
            "unsigned": true
          }
        },
        "deviceListMetadataVersion": 2,
        "messageSecret": {
          "0": 159,
          "1": 39,
          "2": 38,
          "3": 82,
          "4": 99,
          "5": 78,
          "6": 65,
          "7": 164,
          "8": 22,
          "9": 197,
          "10": 105,
          "11": 200,
          "12": 76,
          "13": 172,
          "14": 89,
          "15": 127,
          "16": 18,
          "17": 117,
          "18": 100,
          "19": 188,
          "20": 146,
          "21": 59,
          "22": 245,
          "23": 43,
          "24": 146,
          "25": 176,
          "26": 67,
          "27": 4,
          "28": 158,
          "29": 244,
          "30": 87,
          "31": 52
        }
      }
    },
    "messageType": "conversation",
    "messageTimestamp": 1765774148,
    "instanceId": "8264c947-3072-460b-af2b-126d20634f75",
    "source": "ios"
  },
  "destination": "https://04e9f151acc4.ngrok-free.app/webhook",
  "date_time": "2025-12-15T01:49:08.483Z",
  "sender": "554196386712@s.whatsapp.net",
  "server_url": "https://evo-cmh2.nextcomm.tech",
  "apikey": "9B539CBD-B6B1-460E-8DB8-59F2FB6F4F2E"
}
---
{
  "event": "send.message",
  "instance": "Herdney",
  "data": {
    "key": {
      "remoteJid": "554196870884@s.whatsapp.net",
      "fromMe": true,
      "id": "3EB0A1E753029F836CEA53"
    },
    "pushName": "Você",
    "status": "PENDING",
    "message": {
      "conversation": "Boa noite! Em que posso ajudar você?"
    },
    "contextInfo": {
      "mentionedJid": [],
      "groupMentions": [],
      "ephemeralSettingTimestamp": {
        "low": 1765601353,
        "high": 0,
        "unsigned": false
      },
      "disappearingMode": {
        "initiator": 0
      }
    },
    "messageType": "conversation",
    "messageTimestamp": 1765774153,
    "instanceId": "8264c947-3072-460b-af2b-126d20634f75",
    "source": "web"
  },
  "destination": "https://04e9f151acc4.ngrok-free.app/webhook",
  "date_time": "2025-12-15T01:49:13.844Z",
  "sender": "554196386712@s.whatsapp.net",
  "server_url": "https://evo-cmh2.nextcomm.tech",
  "apikey": "9B539CBD-B6B1-460E-8DB8-59F2FB6F4F2E"
}
---
{
  "event": "messages.upsert",
  "instance": "Herdney",
  "data": {
    "key": {
      "remoteJid": "554196870884@s.whatsapp.net",
      "remoteJidAlt": "193518358266105@lid",
      "fromMe": false,
      "id": "3A39919FFE8FB79BCAA5",
      "participant": "",
      "addressingMode": "pn"
    },
    "pushName": "Cleu",
    "status": "DELIVERY_ACK",
    "message": {
      "conversation": "Apenas te testando assistente",
      "messageContextInfo": {
        "deviceListMetadata": {
          "senderKeyIndexes": [],
          "recipientKeyIndexes": [],
          "senderTimestamp": {
            "low": 1765762562,
            "high": 0,
            "unsigned": true
          },
          "recipientKeyHash": {
            "0": 18,
            "1": 60,
            "2": 115,
            "3": 92,
            "4": 255,
            "5": 142,
            "6": 115,
            "7": 237,
            "8": 101,
            "9": 54
          },
          "recipientTimestamp": {
            "low": 1765759960,
            "high": 0,
            "unsigned": true
          }
        },
        "deviceListMetadataVersion": 2,
        "messageSecret": {
          "0": 254,
          "1": 106,
          "2": 118,
          "3": 198,
          "4": 161,
          "5": 226,
          "6": 243,
          "7": 117,
          "8": 252,
          "9": 109,
          "10": 52,
          "11": 83,
          "12": 13,
          "13": 10,
          "14": 70,
          "15": 77,
          "16": 36,
          "17": 76,
          "18": 194,
          "19": 144,
          "20": 191,
          "21": 40,
          "22": 103,
          "23": 27,
          "24": 56,
          "25": 245,
          "26": 18,
          "27": 84,
          "28": 198,
          "29": 139,
          "30": 150,
          "31": 17
        }
      }
    },
    "messageType": "conversation",
    "messageTimestamp": 1765774172,
    "instanceId": "8264c947-3072-460b-af2b-126d20634f75",
    "source": "ios"
  },
  "destination": "https://04e9f151acc4.ngrok-free.app/webhook",
  "date_time": "2025-12-15T01:49:32.845Z",
  "sender": "554196386712@s.whatsapp.net",
  "server_url": "https://evo-cmh2.nextcomm.tech",
  "apikey": "9B539CBD-B6B1-460E-8DB8-59F2FB6F4F2E"
}
---
{
  "event": "send.message",
  "instance": "Herdney",
  "data": {
    "key": {
      "remoteJid": "554196870884@s.whatsapp.net",
      "fromMe": true,
      "id": "3EB0919A88301E340A2BA9"
    },
    "pushName": "Você",
    "status": "PENDING",
    "message": {
      "conversation": "Sem problemas! Estou aqui para ajudar quando precisar. 😉"
    },
    "contextInfo": {
      "mentionedJid": [],
      "groupMentions": [],
      "ephemeralSettingTimestamp": {
        "low": 1765601377,
        "high": 0,
        "unsigned": false
      },
      "disappearingMode": {
        "initiator": 0
      }
    },
    "messageType": "conversation",
    "messageTimestamp": 1765774177,
    "instanceId": "8264c947-3072-460b-af2b-126d20634f75",
    "source": "web"
  },
  "destination": "https://04e9f151acc4.ngrok-free.app/webhook",
  "date_time": "2025-12-15T01:49:37.391Z",
  "sender": "554196386712@s.whatsapp.net",
  "server_url": "https://evo-cmh2.nextcomm.tech",
  "apikey": "9B539CBD-B6B1-460E-8DB8-59F2FB6F4F2E"
}
---
{
  "event": "messages.upsert",
  "instance": "Herdney",
  "data": {
    "key": {
      "remoteJid": "554196870884@s.whatsapp.net",
      "remoteJidAlt": "193518358266105@lid",
      "fromMe": false,
      "id": "3A940BECCF6BBCDDC3CF",
      "participant": "",
      "addressingMode": "pn"
    },
    "pushName": "Cleu",
    "status": "DELIVERY_ACK",
    "message": {
      "conversation": "Queria saber se estava trabalhando",
      "messageContextInfo": {
        "deviceListMetadata": {
          "senderKeyIndexes": [],
          "recipientKeyIndexes": [],
          "senderTimestamp": {
            "low": 1765762562,
            "high": 0,
            "unsigned": true
          },
          "recipientKeyHash": {
            "0": 18,
            "1": 60,
            "2": 115,
            "3": 92,
            "4": 255,
            "5": 142,
            "6": 115,
            "7": 237,
            "8": 101,
            "9": 54
          },
          "recipientTimestamp": {
            "low": 1765759960,
            "high": 0,
            "unsigned": true
          }
        },
        "deviceListMetadataVersion": 2,
        "messageSecret": {
          "0": 63,
          "1": 98,
          "2": 1,
          "3": 128,
          "4": 56,
          "5": 171,
          "6": 192,
          "7": 151,
          "8": 141,
          "9": 220,
          "10": 115,
          "11": 245,
          "12": 94,
          "13": 194,
          "14": 90,
          "15": 175,
          "16": 148,
          "17": 41,
          "18": 192,
          "19": 26,
          "20": 248,
          "21": 127,
          "22": 235,
          "23": 179,
          "24": 128,
          "25": 165,
          "26": 187,
          "27": 69,
          "28": 14,
          "29": 168,
          "30": 128,
          "31": 26
        }
      }
    },
    "messageType": "conversation",
    "messageTimestamp": 1765774191,
    "instanceId": "8264c947-3072-460b-af2b-126d20634f75",
    "source": "ios"
  },
  "destination": "https://04e9f151acc4.ngrok-free.app/webhook",
  "date_time": "2025-12-15T01:49:51.202Z",
  "sender": "554196386712@s.whatsapp.net",
  "server_url": "https://evo-cmh2.nextcomm.tech",
  "apikey": "9B539CBD-B6B1-460E-8DB8-59F2FB6F4F2E"
}
---
{
  "event": "send.message",
  "instance": "Herdney",
  "data": {
    "key": {
      "remoteJid": "554196870884@s.whatsapp.net",
      "fromMe": true,
      "id": "3EB015128754E7B4B83B26"
    },
    "pushName": "Você",
    "status": "PENDING",
    "message": {
      "conversation": "No momento, o Herdney não está disponível. Posso ajudar com algo específico ou deixar um recado para ele retornar assim que possível?"
    },
    "contextInfo": {
      "mentionedJid": [],
      "groupMentions": [],
      "ephemeralSettingTimestamp": {
        "low": 1765601395,
        "high": 0,
        "unsigned": false
      },
      "disappearingMode": {
        "initiator": 0
      }
    },
    "messageType": "conversation",
    "messageTimestamp": 1765774195,
    "instanceId": "8264c947-3072-460b-af2b-126d20634f75",
    "source": "web"
  },
  "destination": "https://04e9f151acc4.ngrok-free.app/webhook",
  "date_time": "2025-12-15T01:49:55.845Z",
  "sender": "554196386712@s.whatsapp.net",
  "server_url": "https://evo-cmh2.nextcomm.tech",
  "apikey": "9B539CBD-B6B1-460E-8DB8-59F2FB6F4F2E"
}
---
